[1026/154941.274:ERROR:directory_reader_win.cc(43)] FindFirstFile: 系统找不到指定的路径。 (0x3)
[1026/202347.099:ERROR:directory_reader_win.cc(43)] FindFirstFile: 系统找不到指定的路径。 (0x3)
[1108/153328.547:ERROR:directory_reader_win.cc(43)] FindFirstFile: 系统找不到指定的路径。 (0x3)
[1109/115605.835:ERROR:directory_reader_win.cc(43)] FindFirstFile: 系统找不到指定的路径。 (0x3)
[1110/100329.708:ERROR:directory_reader_win.cc(43)] FindFirstFile: 系统找不到指定的路径。 (0x3)
[1110/100330.123:ERROR:filesystem_win.cc(129)] GetFileAttributes C:\Users\asus\AppData\Local\Google\Chrome\User Data\Crashpad\attachments\4e658192-2e70-493e-b186-5b52c0049196: 系统找不到指定的路径。 (0x3)
[1110/100330.128:ERROR:filesystem_win.cc(129)] GetFileAttributes C:\Users\asus\AppData\Local\Google\Chrome\User Data\Crashpad\attachments\7aa496ff-f378-46d3-8e1b-09da7dccc989: 系统找不到指定的路径。 (0x3)
[1110/100330.148:ERROR:filesystem_win.cc(129)] GetFileAttributes C:\Users\asus\AppData\Local\Google\Chrome\User Data\Crashpad\attachments\a270a7d1-0274-45ff-8b54-baf1f5af8943: 系统找不到指定的路径。 (0x3)
[1110/100330.153:ERROR:filesystem_win.cc(129)] GetFileAttributes C:\Users\asus\AppData\Local\Google\Chrome\User Data\Crashpad\attachments\04687224-ee41-4816-8f5e-b3654186e8a2: 系统找不到指定的路径。 (0x3)
[1110/100330.159:ERROR:filesystem_win.cc(129)] GetFileAttributes C:\Users\asus\AppData\Local\Google\Chrome\User Data\Crashpad\attachments\760f2f2f-cc24-494a-94cf-a2cdb6e1ed4c: 系统找不到指定的路径。 (0x3)
[1110/100330.164:ERROR:filesystem_win.cc(129)] GetFileAttributes C:\Users\asus\AppData\Local\Google\Chrome\User Data\Crashpad\attachments\0976eee7-a544-4da9-b775-c21fce5fa1e4: 系统找不到指定的路径。 (0x3)
[1111/151339.149:ERROR:directory_reader_win.cc(43)] FindFirstFile: 系统找不到指定的路径。 (0x3)
[1111/151339.509:ERROR:filesystem_win.cc(129)] GetFileAttributes C:\Users\asus\AppData\Local\Google\Chrome\User Data\Crashpad\attachments\c4c80486-01de-442c-8711-8c9fc5b02c3f: 系统找不到指定的路径。 (0x3)
[1111/151339.515:ERROR:filesystem_win.cc(129)] GetFileAttributes C:\Users\asus\AppData\Local\Google\Chrome\User Data\Crashpad\attachments\6300ab2b-a596-432f-bd22-20437beb6d5f: 系统找不到指定的路径。 (0x3)
[1111/151339.521:ERROR:filesystem_win.cc(129)] GetFileAttributes C:\Users\asus\AppData\Local\Google\Chrome\User Data\Crashpad\attachments\cb3a2203-8e85-40d9-b06a-d454bc17b325: 系统找不到指定的路径。 (0x3)
[1111/151339.527:ERROR:filesystem_win.cc(129)] GetFileAttributes C:\Users\asus\AppData\Local\Google\Chrome\User Data\Crashpad\attachments\786141c9-abfd-4e83-8b5f-3de395f31cb6: 系统找不到指定的路径。 (0x3)
[1111/151339.532:ERROR:filesystem_win.cc(129)] GetFileAttributes C:\Users\asus\AppData\Local\Google\Chrome\User Data\Crashpad\attachments\dbc6112a-133b-4900-8430-f9eb81834265: 系统找不到指定的路径。 (0x3)
[1111/151339.538:ERROR:filesystem_win.cc(129)] GetFileAttributes C:\Users\asus\AppData\Local\Google\Chrome\User Data\Crashpad\attachments\45f9d65a-f8fb-4b24-bd2f-f37fa50bda17: 系统找不到指定的路径。 (0x3)
[1111/151339.543:ERROR:filesystem_win.cc(129)] GetFileAttributes C:\Users\asus\AppData\Local\Google\Chrome\User Data\Crashpad\attachments\b63d28ea-f704-45d9-9f7e-e7a02ac28536: 系统找不到指定的路径。 (0x3)
[1111/151339.554:ERROR:filesystem_win.cc(129)] GetFileAttributes C:\Users\asus\AppData\Local\Google\Chrome\User Data\Crashpad\attachments\105e7f3e-586c-43a7-864b-c2c19eff4666: 系统找不到指定的路径。 (0x3)
[1111/151339.560:ERROR:filesystem_win.cc(129)] GetFileAttributes C:\Users\asus\AppData\Local\Google\Chrome\User Data\Crashpad\attachments\c595a45d-dede-4254-8b4d-be70231b2e6a: 系统找不到指定的路径。 (0x3)
[1111/151339.565:ERROR:filesystem_win.cc(129)] GetFileAttributes C:\Users\asus\AppData\Local\Google\Chrome\User Data\Crashpad\attachments\bf7cb110-faba-40fa-91bc-25efaa1ea3f9: 系统找不到指定的路径。 (0x3)
[1111/151339.570:ERROR:filesystem_win.cc(129)] GetFileAttributes C:\Users\asus\AppData\Local\Google\Chrome\User Data\Crashpad\attachments\fb43f4a2-14db-40a3-aa90-fdbbf01eea34: 系统找不到指定的路径。 (0x3)
[1111/151339.576:ERROR:filesystem_win.cc(129)] GetFileAttributes C:\Users\asus\AppData\Local\Google\Chrome\User Data\Crashpad\attachments\fe0a4635-02f2-483b-9ac4-8cfc21195cdc: 系统找不到指定的路径。 (0x3)
[1111/151339.581:ERROR:filesystem_win.cc(129)] GetFileAttributes C:\Users\asus\AppData\Local\Google\Chrome\User Data\Crashpad\attachments\6f37988c-8df2-4ba0-8288-061f4bedb1f2: 系统找不到指定的路径。 (0x3)
[1111/151339.586:ERROR:filesystem_win.cc(129)] GetFileAttributes C:\Users\asus\AppData\Local\Google\Chrome\User Data\Crashpad\attachments\d6b7f427-bdd1-4bd5-83e8-2708a936f102: 系统找不到指定的路径。 (0x3)
[1111/151339.592:ERROR:filesystem_win.cc(129)] GetFileAttributes C:\Users\asus\AppData\Local\Google\Chrome\User Data\Crashpad\attachments\d8cb4c52-4569-428a-96a4-6bff54de6ff2: 系统找不到指定的路径。 (0x3)
[1111/151339.597:ERROR:filesystem_win.cc(129)] GetFileAttributes C:\Users\asus\AppData\Local\Google\Chrome\User Data\Crashpad\attachments\314169ad-f45d-4b6b-b87b-f94ae92a4d87: 系统找不到指定的路径。 (0x3)
[1111/151339.603:ERROR:filesystem_win.cc(129)] GetFileAttributes C:\Users\asus\AppData\Local\Google\Chrome\User Data\Crashpad\attachments\877c710e-e8bb-475a-b26d-5b680f5e1245: 系统找不到指定的路径。 (0x3)
[1111/151339.608:ERROR:filesystem_win.cc(129)] GetFileAttributes C:\Users\asus\AppData\Local\Google\Chrome\User Data\Crashpad\attachments\61a8080f-adb0-4dba-8afd-0a6c606b5bb1: 系统找不到指定的路径。 (0x3)
[1111/151339.613:ERROR:filesystem_win.cc(129)] GetFileAttributes C:\Users\asus\AppData\Local\Google\Chrome\User Data\Crashpad\attachments\826a8f10-d1b0-44e5-ad0b-1791705a670f: 系统找不到指定的路径。 (0x3)
[1111/151339.618:ERROR:filesystem_win.cc(129)] GetFileAttributes C:\Users\asus\AppData\Local\Google\Chrome\User Data\Crashpad\attachments\ccbc7c14-81b0-4b10-b7f4-354106d3702f: 系统找不到指定的路径。 (0x3)
[1111/151339.623:ERROR:filesystem_win.cc(129)] GetFileAttributes C:\Users\asus\AppData\Local\Google\Chrome\User Data\Crashpad\attachments\d0a2fe7d-81cb-4e93-b27d-2b582f869a27: 系统找不到指定的路径。 (0x3)
[1111/151339.628:ERROR:filesystem_win.cc(129)] GetFileAttributes C:\Users\asus\AppData\Local\Google\Chrome\User Data\Crashpad\attachments\a0ab035d-a2bf-4b44-be4f-77cc97c709fd: 系统找不到指定的路径。 (0x3)
[1111/151339.633:ERROR:filesystem_win.cc(129)] GetFileAttributes C:\Users\asus\AppData\Local\Google\Chrome\User Data\Crashpad\attachments\f36d182a-7454-49c4-99ba-1616b658a528: 系统找不到指定的路径。 (0x3)
[1111/151339.637:ERROR:filesystem_win.cc(129)] GetFileAttributes C:\Users\asus\AppData\Local\Google\Chrome\User Data\Crashpad\attachments\77c102b9-43e2-462e-9282-d4208afb5b90: 系统找不到指定的路径。 (0x3)
[1111/151339.642:ERROR:filesystem_win.cc(129)] GetFileAttributes C:\Users\asus\AppData\Local\Google\Chrome\User Data\Crashpad\attachments\2a2e1cbc-b247-4134-a4d4-5f8db536b6fa: 系统找不到指定的路径。 (0x3)
[1111/151339.647:ERROR:filesystem_win.cc(129)] GetFileAttributes C:\Users\asus\AppData\Local\Google\Chrome\User Data\Crashpad\attachments\96082d96-a10a-403f-a379-48eca299ec8c: 系统找不到指定的路径。 (0x3)
[1111/151339.652:ERROR:filesystem_win.cc(129)] GetFileAttributes C:\Users\asus\AppData\Local\Google\Chrome\User Data\Crashpad\attachments\4423aee7-c706-432c-8263-d15d379fff2c: 系统找不到指定的路径。 (0x3)
[1111/151339.656:ERROR:filesystem_win.cc(129)] GetFileAttributes C:\Users\asus\AppData\Local\Google\Chrome\User Data\Crashpad\attachments\a5919ee9-6010-4bcc-8904-4ee24417c1f5: 系统找不到指定的路径。 (0x3)
[1111/151339.661:ERROR:filesystem_win.cc(129)] GetFileAttributes C:\Users\asus\AppData\Local\Google\Chrome\User Data\Crashpad\attachments\ef6db312-1ba4-4bb4-a9d7-82021821a45f: 系统找不到指定的路径。 (0x3)
[1111/151339.665:ERROR:filesystem_win.cc(129)] GetFileAttributes C:\Users\asus\AppData\Local\Google\Chrome\User Data\Crashpad\attachments\a9e35eda-9d54-45b4-abc7-4b7c509048e7: 系统找不到指定的路径。 (0x3)
[1111/151339.671:ERROR:filesystem_win.cc(129)] GetFileAttributes C:\Users\asus\AppData\Local\Google\Chrome\User Data\Crashpad\attachments\4246683e-585b-4568-97a7-15d5dcf30be1: 系统找不到指定的路径。 (0x3)
[1111/151339.675:ERROR:filesystem_win.cc(129)] GetFileAttributes C:\Users\asus\AppData\Local\Google\Chrome\User Data\Crashpad\attachments\0c77816e-b3b5-4899-aaf2-203e37673111: 系统找不到指定的路径。 (0x3)
[1111/151339.680:ERROR:filesystem_win.cc(129)] GetFileAttributes C:\Users\asus\AppData\Local\Google\Chrome\User Data\Crashpad\attachments\35346747-67d4-4759-a970-0ed2a1e67c73: 系统找不到指定的路径。 (0x3)
[1111/151339.684:ERROR:filesystem_win.cc(129)] GetFileAttributes C:\Users\asus\AppData\Local\Google\Chrome\User Data\Crashpad\attachments\20abbab7-2e79-4c17-a6e0-55896aac05e4: 系统找不到指定的路径。 (0x3)
[1111/151339.689:ERROR:filesystem_win.cc(129)] GetFileAttributes C:\Users\asus\AppData\Local\Google\Chrome\User Data\Crashpad\attachments\750df409-e8d4-4036-a314-59eccf236504: 系统找不到指定的路径。 (0x3)
[1111/151339.693:ERROR:filesystem_win.cc(129)] GetFileAttributes C:\Users\asus\AppData\Local\Google\Chrome\User Data\Crashpad\attachments\f0d30c46-eabd-4414-a399-bce1d7197343: 系统找不到指定的路径。 (0x3)
[1111/151339.697:ERROR:filesystem_win.cc(129)] GetFileAttributes C:\Users\asus\AppData\Local\Google\Chrome\User Data\Crashpad\attachments\acb4d125-7afd-48ed-b94b-6fded36f7875: 系统找不到指定的路径。 (0x3)
[1111/151339.701:ERROR:filesystem_win.cc(129)] GetFileAttributes C:\Users\asus\AppData\Local\Google\Chrome\User Data\Crashpad\attachments\da84cb3f-1242-4b21-a0e2-254fe4af8dbf: 系统找不到指定的路径。 (0x3)
